<?xml version="1.0" encoding="UTF-8"?>
<!-- Generated by org.testng.reporters.JUnitXMLReporter -->
<testsuite ignored="2" hostname="ZoroWNL" failures="0" tests="1" name="Default test" time="6.382" errors="0" timestamp="2026-01-10T18:52:52 IST">
  <testcase classname="com.testng.CrossBrowserTesting" name="chromeBrowser" time="6.354"/>
  <testcase classname="com.testng.CrossBrowserTesting" name="edgeBrowser" time="0.0">
    <ignored/>
  </testcase> <!-- edgeBrowser -->
  <testcase classname="com.testng.CrossBrowserTesting" name="firefoxBrowser" time="0.0">
    <ignored/>
  </testcase> <!-- firefoxBrowser -->
</testsuite> <!-- Default test -->
