<?xml version="1.0" encoding="UTF-8"?>
<!-- Generated by org.testng.reporters.JUnitXMLReporter -->
<testsuite ignored="2" hostname="ZoroWNL" failures="0" tests="1" name="Test" time="2.841" errors="0" timestamp="2026-01-10T18:58:17 IST">
  <testcase classname="com.testng.CrossBrowserTesting" name="chromeBrowser" time="2.806"/>
  <testcase classname="com.testng.CrossBrowserTesting" name="edgeBrowser" time="0.0">
    <ignored/>
  </testcase> <!-- edgeBrowser -->
  <testcase classname="com.testng.CrossBrowserTesting" name="firefoxBrowser" time="0.0">
    <ignored/>
  </testcase> <!-- firefoxBrowser -->
</testsuite> <!-- Test -->
