<?xml version="1.0" encoding="UTF-8"?>
<!-- Generated by org.testng.reporters.JUnitXMLReporter -->
<testsuite ignored="2" hostname="ZoroWNL" failures="0" tests="6" name="Test" time="0.048" errors="0" timestamp="2026-01-12T13:04:01 IST">
  <testcase classname="com.testng.GroupingClass" name="chicken" time="0.007"/>
  <testcase classname="com.testng.GroupingClass" name="curdRice" time="0.001"/>
  <testcase classname="com.testng.GroupingClass" name="fish" time="0.001"/>
  <testcase classname="com.testng.GroupingClass" name="iddly" time="0.001"/>
  <testcase classname="com.testng.GroupingClass" name="mutton" time="0.001"/>
  <testcase classname="com.testng.GroupingClass" name="poori" time="0.001"/>
  <testcase classname="com.testng.GroupingClass" name="mobile" time="0.0">
    <ignored/>
  </testcase> <!-- mobile -->
  <testcase classname="com.testng.GroupingClass" name="watch" time="0.0">
    <ignored/>
  </testcase> <!-- watch -->
</testsuite> <!-- Test -->
