<?xml version="1.0" encoding="UTF-8"?>
<testng-results ignored="2" total="3" passed="1" failed="0" skipped="0">
  <reporter-output>
  </reporter-output>
  <suite started-at="2026-01-10T18:58:14 IST" name="Suite" finished-at="2026-01-10T18:58:17 IST" duration-ms="2841">
    <groups>
    </groups>
    <test started-at="2026-01-10T18:58:14 IST" name="Test" finished-at="2026-01-10T18:58:17 IST" duration-ms="2841">
      <class name="com.testng.CrossBrowserTesting">
        <test-method signature="chromeBrowser()[pri:0, instance:com.testng.CrossBrowserTesting@179ece50]" started-at="2026-01-10T18:58:14 IST" name="chromeBrowser" finished-at="2026-01-10T18:58:17 IST" duration-ms="2806" status="PASS">
          <reporter-output>
          </reporter-output>
        </test-method> <!-- chromeBrowser -->
      </class> <!-- com.testng.CrossBrowserTesting -->
    </test> <!-- Test -->
  </suite> <!-- Suite -->
</testng-results>
