<?xml version="1.0" encoding="UTF-8"?>
<testng-results ignored="0" total="1" passed="1" failed="0" skipped="0">
  <reporter-output>
  </reporter-output>
  <suite started-at="2026-01-12T13:12:56 IST" name="Default suite" finished-at="2026-01-12T13:12:56 IST" duration-ms="39">
    <groups>
    </groups>
    <test started-at="2026-01-12T13:12:56 IST" name="Default test" finished-at="2026-01-12T13:12:56 IST" duration-ms="39">
      <class name="com.testng.SoftAssertClass">
        <test-method signature="testMethod()[pri:0, instance:com.testng.SoftAssertClass@7dcf94f8]" started-at="2026-01-12T13:12:56 IST" name="testMethod" finished-at="2026-01-12T13:12:56 IST" duration-ms="11" status="PASS">
          <reporter-output>
          </reporter-output>
        </test-method> <!-- testMethod -->
      </class> <!-- com.testng.SoftAssertClass -->
    </test> <!-- Default test -->
  </suite> <!-- Default suite -->
</testng-results>
