<?xml version="1.0" encoding="UTF-8"?>
<!-- Generated by org.testng.reporters.JUnitReportReporter -->
<testsuite hostname="ZoroWNL" failures="0" tests="3" name="com.testng.DependsOnMethodClass" time="0.008" errors="0" timestamp="2026-01-12T12:53:51 IST" skipped="0">
  <testcase classname="com.testng.DependsOnMethodClass" name="addtoCartPage" time="0.000"/>
  <testcase classname="com.testng.DependsOnMethodClass" name="loginPage" time="0.008"/>
  <testcase classname="com.testng.DependsOnMethodClass" name="searchPage" time="0.000"/>
</testsuite> <!-- com.testng.DependsOnMethodClass -->
