<?xml version="1.0" encoding="UTF-8"?>
<!-- Generated by org.testng.reporters.JUnitReportReporter -->
<testsuite hostname="ZoroWNL" failures="0" tests="3" name="com.testng.PriorityClass" time="0.011" errors="0" timestamp="2026-01-12T12:49:35 IST" skipped="0">
  <testcase classname="com.testng.PriorityClass" name="loginPage" time="0.007"/>
  <testcase classname="com.testng.PriorityClass" name="searchPage" time="0.002"/>
  <testcase classname="com.testng.PriorityClass" name="addtoCartPage" time="0.002"/>
</testsuite> <!-- com.testng.PriorityClass -->
