<?xml version="1.0" encoding="UTF-8"?>
<!-- Generated by org.testng.reporters.JUnitReportReporter -->
<testsuite hostname="ZoroWNL" failures="0" tests="3" name="com.testng.SimpleAnotations" time="0.009" errors="0" timestamp="2026-01-10T18:46:43 IST" skipped="0">
  <testcase classname="com.testng.SimpleAnotations" name="men" time="0.003"/>
  <testcase classname="com.testng.SimpleAnotations" name="women" time="0.002"/>
  <testcase classname="com.testng.SimpleAnotations" name="kids" time="0.004"/>
</testsuite> <!-- com.testng.SimpleAnotations -->
