<?xml version="1.0" encoding="UTF-8"?>
<!-- Generated by org.testng.reporters.JUnitReportReporter -->
<testsuite hostname="ZoroWNL" failures="0" tests="3" name="com.testng.CrossBrowserTesting" time="2.806" errors="0" timestamp="2026-01-10T18:58:17 IST" skipped="2">
  <testcase classname="com.testng.CrossBrowserTesting" name="chromeBrowser" time="2.806"/>
  <testcase classname="com.testng.CrossBrowserTesting" name="edgeBrowser">
    <skipped/>
  </testcase> <!-- edgeBrowser -->
  <testcase classname="com.testng.CrossBrowserTesting" name="firefoxBrowser">
    <skipped/>
  </testcase> <!-- firefoxBrowser -->
</testsuite> <!-- com.testng.CrossBrowserTesting -->
