<?xml version="1.0" encoding="UTF-8"?>
<!-- Generated by org.testng.reporters.JUnitReportReporter -->
<testsuite hostname="ZoroWNL" failures="0" tests="6" name="com.testng.GroupingClass" time="0.012" errors="0" timestamp="2026-01-12T13:04:01 IST" skipped="0">
  <testcase classname="com.testng.GroupingClass" name="mutton" time="0.001"/>
  <testcase classname="com.testng.GroupingClass" name="chicken" time="0.007"/>
  <testcase classname="com.testng.GroupingClass" name="iddly" time="0.001"/>
  <testcase classname="com.testng.GroupingClass" name="poori" time="0.001"/>
  <testcase classname="com.testng.GroupingClass" name="fish" time="0.001"/>
  <testcase classname="com.testng.GroupingClass" name="curdRice" time="0.001"/>
</testsuite> <!-- com.testng.GroupingClass -->
